Date:   Fri Oct 7 10:38:57 2016 +0530
Date:   Fri Oct 7 10:06:29 2016 +0530
Date:   Sun Oct 2 13:43:04 2016 +0530
Date:   Sun Oct 2 13:40:00 2016 +0530
Date:   Sun Oct 2 00:31:16 2016 +0530
Date:   Sat Oct 1 11:25:17 2016 +0530
Date:   Fri Sep 30 16:21:03 2016 +0530
Date:   Fri Sep 23 00:25:52 2016 +0530
Date:   Thu Sep 22 15:24:59 2016 +0530
Date:   Thu Sep 22 14:54:30 2016 +0530
Date:   Thu Sep 22 10:34:20 2016 +0530
Date:   Wed Sep 21 23:45:36 2016 +0530
Date:   Wed Sep 21 17:21:40 2016 +0530
Date:   Wed Sep 21 01:30:01 2016 +0530
Date:   Mon Sep 19 16:16:58 2016 +0530
Date:   Fri Sep 16 23:23:57 2016 +0530
Date:   Thu Sep 15 10:30:26 2016 +0530
Date:   Tue Sep 13 22:29:50 2016 +0530
Date:   Tue Sep 13 22:12:14 2016 +0530
Date:   Sun Sep 11 21:08:59 2016 +0530
Date:   Fri Sep 9 15:43:42 2016 +0530
Date:   Thu Sep 8 17:05:57 2016 +0530
Date:   Thu Sep 8 12:51:10 2016 +0530
Date:   Thu Sep 8 10:47:12 2016 +0530
Date:   Thu Sep 8 10:06:41 2016 +0530
Date:   Thu Sep 8 00:41:58 2016 +0530
Date:   Wed Sep 7 22:28:24 2016 +0530
Date:   Wed Sep 7 21:13:41 2016 +0530
Date:   Fri Sep 2 11:12:22 2016 +0530
Date:   Fri Sep 2 11:00:51 2016 +0530
Date:   Sat Aug 27 22:35:14 2016 +0530
