Date:   Mon May 30 16:44:52 2016 +0530
Date:   Mon May 30 16:42:36 2016 +0530
Date:   Thu May 19 13:06:33 2016 +0530
Date:   Thu May 19 13:03:04 2016 +0530
Date:   Thu May 19 12:51:25 2016 +0530
Date:   Thu May 19 12:27:14 2016 +0530
Date:   Tue May 17 09:10:01 2016 +0530
Date:   Mon May 16 21:52:32 2016 +0530
Date:   Mon May 16 17:18:55 2016 +0530
Date:   Mon May 16 12:11:32 2016 +0530
Date:   Wed May 11 22:33:58 2016 +0530
Date:   Wed May 11 21:42:04 2016 +0530
Date:   Wed May 11 21:29:05 2016 +0530
Date:   Wed May 11 21:24:13 2016 +0530
Date:   Tue May 10 23:56:37 2016 +0530
Date:   Tue May 10 09:09:52 2016 +0530
Date:   Mon May 9 23:46:32 2016 +0530
Date:   Mon May 9 23:40:50 2016 +0530
Date:   Wed May 4 16:36:02 2016 +0530
Date:   Wed May 4 15:51:16 2016 +0530
Date:   Wed May 4 15:47:05 2016 +0530
Date:   Wed May 4 12:25:08 2016 +0530
Date:   Wed May 4 12:24:12 2016 +0530
Date:   Tue May 3 16:47:32 2016 +0530
Date:   Tue May 3 11:19:23 2016 +0530
Date:   Mon May 2 14:57:53 2016 +0530
Date:   Mon May 2 13:24:28 2016 +0530
Date:   Mon May 2 12:27:08 2016 +0530
Date:   Mon Apr 25 22:57:25 2016 +0530
Date:   Mon Apr 25 22:38:05 2016 +0530
Date:   Mon Apr 25 15:57:19 2016 +0530
Date:   Mon Apr 18 22:49:55 2016 +0530
Date:   Thu Apr 14 17:06:02 2016 +0530
Date:   Wed Apr 13 23:10:32 2016 +0530
Date:   Wed Apr 13 12:12:58 2016 +0530
Date:   Tue Apr 12 15:17:13 2016 +0530
Date:   Tue Apr 12 09:21:06 2016 +0530
Date:   Mon Apr 11 16:59:49 2016 +0530
Date:   Mon Apr 11 15:59:45 2016 +0530
Date:   Thu Apr 7 14:59:11 2016 +0530
Date:   Thu Apr 7 12:20:22 2016 +0530
Date:   Thu Apr 7 07:15:10 2016 +0530
Date:   Wed Apr 6 23:27:48 2016 +0530
Date:   Wed Apr 6 13:15:42 2016 +0530
Date:   Tue Apr 5 17:17:24 2016 +0530
Date:   Mon Mar 28 15:08:28 2016 +0530
Date:   Sat Mar 26 13:52:43 2016 +0530
Date:   Sat Mar 26 13:46:01 2016 +0530
